<?xml version="1.0" encoding="UTF-8" ?>
<testsuite tests="0" failures="0" name="com.csc.test_agent.AppTest" time="0" errors="0" skipped="0">
  <properties>
    <property name="java.runtime.name" value="Java(TM) SE Runtime Environment"/>
    <property name="sun.boot.library.path" value="C:\Java\jdk1.8.0_131\jre\bin"/>
    <property name="java.vm.version" value="25.131-b11"/>
    <property name="java.vm.vendor" value="Oracle Corporation"/>
    <property name="maven.multiModuleProjectDirectory" value="D:\sourcecode\test_agent"/>
    <property name="java.vendor.url" value="http://java.oracle.com/"/>
    <property name="path.separator" value=";"/>
    <property name="guice.disable.misplaced.annotation.check" value="true"/>
    <property name="java.vm.name" value="Java HotSpot(TM) 64-Bit Server VM"/>
    <property name="file.encoding.pkg" value="sun.io"/>
    <property name="user.script" value=""/>
    <property name="user.country" value="CN"/>
    <property name="sun.java.launcher" value="SUN_STANDARD"/>
    <property name="sun.os.patch.level" value="Service Pack 1"/>
    <property name="java.vm.specification.name" value="Java Virtual Machine Specification"/>
    <property name="user.dir" value="D:\sourcecode\test_agent"/>
    <property name="java.runtime.version" value="1.8.0_131-b11"/>
    <property name="java.awt.graphicsenv" value="sun.awt.Win32GraphicsEnvironment"/>
    <property name="java.endorsed.dirs" value="C:\Java\jdk1.8.0_131\jre\lib\endorsed"/>
    <property name="os.arch" value="amd64"/>
    <property name="java.io.tmpdir" value="C:\Users\sanghui.CSC\AppData\Local\Temp\"/>
    <property name="line.separator" value="
"/>
    <property name="java.vm.specification.vendor" value="Oracle Corporation"/>
    <property name="user.variant" value=""/>
    <property name="os.name" value="Windows 7"/>
    <property name="classworlds.conf" value="D:\sourcecode\.metadata\.plugins\org.eclipse.m2e.launching\launches\m2conf3149593113859427033.tmp"/>
    <property name="sun.jnu.encoding" value="GBK"/>
    <property name="java.library.path" value="C:\Java\jdk1.8.0_131\bin;C:\Windows\Sun\Java\bin;C:\Windows\system32;C:\Windows;C:/Java/jdk1.8.0_131/bin/../jre/bin/server;C:/Java/jdk1.8.0_131/bin/../jre/bin;C:/Java/jdk1.8.0_131/bin/../jre/lib/amd64;C:\Program Files\Microsoft MPI\Bin\;C:\Program Files (x86)\Common Files\NetSarang;C:\Program Files\Python36;C:\Program Files\Python36\Scripts;C:\Windows\system32;C:\Windows;C:\Windows\System32\Wbem;C:\Windows\System32\WindowsPowerShell\v1.0\;C:\Program Files\TortoiseSVN\bin;C:\Program Files (x86)\HP\Unified Functional Testing\bin;C:\PubDll;C:\Program Files\Vbsedit;C:\Program Files\SpyLite;D:\Android\android-sdk\\platform-tools;D:\Android\android-sdk\\tools;C:\apache-ant-1.9.7\bin;D:\apache-maven-3.3.9\bin;C:\Users\sanghui.CSC\AppData\Roaming\Nox\bin;C:\Program Files\Microsoft SQL Server\130\Tools\Binn\;C:\Program Files\dotnet\;C:\Program Files\Git\cmd;C:\Java\jdk1.8.0_131\bin;C:\Java\jdk1.8.0_131\jre\bin;D:\apache-maven-3.5.0\bin;C:\Program Files\MacType;D:\12_Develop\Appium\node_modules\.bin;D:\Android\android-sdk\platform-tools;D:\Android\gradle-3.5\bin;C:\strawberry\c\bin;C:\strawberry\perl\bin;D:\Program Files\Microsoft VS Code\bin;C:\Program Files\PuTTY\;C:\Program Files\nodejs\;c:\Users\sanghui.CSC\AppData\Local\Continuum\anaconda3;c:\Users\sanghui.CSC\AppData\Local\Continuum\anaconda3\Library\mingw-w64\bin;c:\Users\sanghui.CSC\AppData\Local\Continuum\anaconda3\Library\usr\bin;c:\Users\sanghui.CSC\AppData\Local\Continuum\anaconda3\Library\bin;c:\Users\sanghui.CSC\AppData\Local\Continuum\anaconda3\Scripts;C:\Program Files (x86)\IDM Computer Solutions\UltraEdit\;C:\Users\sanghui.CSC\AppData\Local\Programs\Fiddler;C:\Users\sanghui.CSC\AppData\Roaming\npm;C:\Users\sanghui.CSC\Desktop;;."/>
    <property name="java.specification.name" value="Java Platform API Specification"/>
    <property name="java.class.version" value="52.0"/>
    <property name="sun.management.compiler" value="HotSpot 64-Bit Tiered Compilers"/>
    <property name="os.version" value="6.1"/>
    <property name="user.home" value="C:\Users\sanghui.CSC"/>
    <property name="user.timezone" value="Asia/Shanghai"/>
    <property name="java.awt.printerjob" value="sun.awt.windows.WPrinterJob"/>
    <property name="java.specification.version" value="1.8"/>
    <property name="file.encoding" value="GBK"/>
    <property name="user.name" value="sanghui"/>
    <property name="java.class.path" value="C:\Users\sanghui.CSC\.p2\pool\plugins\org.eclipse.m2e.maven.runtime_1.9.0.20180606-2035\jars\plexus-classworlds-2.5.2.jar"/>
    <property name="java.vm.specification.version" value="1.8"/>
    <property name="sun.arch.data.model" value="64"/>
    <property name="java.home" value="C:\Java\jdk1.8.0_131\jre"/>
    <property name="sun.java.command" value="org.codehaus.plexus.classworlds.launcher.Launcher -B -gs D:\apache-maven-3.5.0\conf\settings.xml -s D:\apache-maven-3.5.0\conf\settings.xml install"/>
    <property name="java.specification.vendor" value="Oracle Corporation"/>
    <property name="user.language" value="zh"/>
    <property name="awt.toolkit" value="sun.awt.windows.WToolkit"/>
    <property name="java.vm.info" value="mixed mode"/>
    <property name="java.version" value="1.8.0_131"/>
    <property name="java.ext.dirs" value="C:\Java\jdk1.8.0_131\jre\lib\ext;C:\Windows\Sun\Java\lib\ext"/>
    <property name="sun.boot.class.path" value="C:\Java\jdk1.8.0_131\jre\lib\resources.jar;C:\Java\jdk1.8.0_131\jre\lib\rt.jar;C:\Java\jdk1.8.0_131\jre\lib\sunrsasign.jar;C:\Java\jdk1.8.0_131\jre\lib\jsse.jar;C:\Java\jdk1.8.0_131\jre\lib\jce.jar;C:\Java\jdk1.8.0_131\jre\lib\charsets.jar;C:\Java\jdk1.8.0_131\jre\lib\jfr.jar;C:\Java\jdk1.8.0_131\jre\classes"/>
    <property name="java.vendor" value="Oracle Corporation"/>
    <property name="maven.home" value="D:\sourcecode\test_agent\EMBEDDED"/>
    <property name="file.separator" value="\"/>
    <property name="java.vendor.url.bug" value="http://bugreport.sun.com/bugreport/"/>
    <property name="sun.cpu.endian" value="little"/>
    <property name="sun.io.unicode.encoding" value="UnicodeLittle"/>
    <property name="sun.desktop" value="windows"/>
    <property name="sun.cpu.isalist" value="amd64"/>
  </properties>
</testsuite>